# JRE version: OpenJDK Runtime Environment (8.0_222-b10) (build 1.8.0_222-8u222-b10-1ubuntu1~18.04.1-b10)
# Java VM: OpenJDK 64-Bit Server VM (25.222-b10 mixed mode linux-amd64 compressed oops)
Heap:
 PSYoungGen      total 489984K, used 17280K [0x00000000d6980000, 0x00000000f5e00000, 0x0000000100000000)
  eden space 467456K, 0% used [0x00000000d6980000,0x00000000d6980000,0x00000000f3200000)
  from space 22528K, 76% used [0x00000000f3200000,0x00000000f42e03e0,0x00000000f4800000)
  to   space 18944K, 0% used [0x00000000f4980000,0x00000000f4980000,0x00000000f5c00000)
 ParOldGen       total 77824K, used 36304K [0x0000000083c00000, 0x0000000088800000, 0x00000000d6980000)
  object space 77824K, 46% used [0x0000000083c00000,0x0000000085f742f8,0x0000000088800000)
 Metaspace       used 56262K, capacity 59062K, committed 59160K, reserved 1099776K
  class space    used 7490K, capacity 8022K, committed 8112K, reserved 1048576K
GC Heap History (10 events):
Event: 4.158 GC heap after
Heap after GC invocations=8 (full 1):
 PSYoungGen      total 217088K, used 14842K [0x00000000d6980000, 0x00000000ebc80000, 0x0000000100000000)
  eden space 202240K, 0% used [0x00000000d6980000,0x00000000d6980000,0x00000000e2f00000)
  from space 14848K, 99% used [0x00000000e2f00000,0x00000000e3d7eac0,0x00000000e3d80000)
  to   space 18944K, 0% used [0x00000000eaa00000,0x00000000eaa00000,0x00000000ebc80000)
 ParOldGen       total 59392K, used 18295K [0x0000000083c00000, 0x0000000087600000, 0x00000000d6980000)
  object space 59392K, 30% used [0x0000000083c00000,0x0000000084dddff8,0x0000000087600000)
 Metaspace       used 34028K, capacity 35414K, committed 35496K, reserved 1079296K
  class space    used 4487K, capacity 4779K, committed 4784K, reserved 1048576K
}
Event: 4.165 GC heap before
{Heap before GC invocations=9 (full 1):
 PSYoungGen      total 217088K, used 18322K [0x00000000d6980000, 0x00000000ebc80000, 0x0000000100000000)
  eden space 202240K, 1% used [0x00000000d6980000,0x00000000d6ce6058,0x00000000e2f00000)
  from space 14848K, 99% used [0x00000000e2f00000,0x00000000e3d7eac0,0x00000000e3d80000)
  to   space 18944K, 0% used [0x00000000eaa00000,0x00000000eaa00000,0x00000000ebc80000)
 ParOldGen       total 59392K, used 18295K [0x0000000083c00000, 0x0000000087600000, 0x00000000d6980000)
  object space 59392K, 30% used [0x0000000083c00000,0x0000000084dddff8,0x0000000087600000)
 Metaspace       used 34081K, capacity 35478K, committed 35496K, reserved 1079296K
  class space    used 4492K, capacity 4779K, committed 4784K, reserved 1048576K
Event: 4.196 GC heap after
Heap after GC invocations=9 (full 1):
 PSYoungGen      total 327168K, used 14116K [0x00000000d6980000, 0x00000000f0c80000, 0x0000000100000000)
  eden space 308224K, 0% used [0x00000000d6980000,0x00000000d6980000,0x00000000e9680000)
  from space 18944K, 74% used [0x00000000eaa00000,0x00000000eb7c91f8,0x00000000ebc80000)
  to   space 19968K, 0% used [0x00000000e9680000,0x00000000e9680000,0x00000000eaa00000)
 ParOldGen       total 59392K, used 18303K [0x0000000083c00000, 0x0000000087600000, 0x00000000d6980000)
  object space 59392K, 30% used [0x0000000083c00000,0x0000000084ddfff8,0x0000000087600000)
 Metaspace       used 34081K, capacity 35478K, committed 35496K, reserved 1079296K
  class space    used 4492K, capacity 4779K, committed 4784K, reserved 1048576K
}
Event: 4.196 GC heap before
{Heap before GC invocations=10 (full 2):
 PSYoungGen      total 327168K, used 14116K [0x00000000d6980000, 0x00000000f0c80000, 0x0000000100000000)
  eden space 308224K, 0% used [0x00000000d6980000,0x00000000d6980000,0x00000000e9680000)
  from space 18944K, 74% used [0x00000000eaa00000,0x00000000eb7c91f8,0x00000000ebc80000)
  to   space 19968K, 0% used [0x00000000e9680000,0x00000000e9680000,0x00000000eaa00000)
 ParOldGen       total 59392K, used 18303K [0x0000000083c00000, 0x0000000087600000, 0x00000000d6980000)
  object space 59392K, 30% used [0x0000000083c00000,0x0000000084ddfff8,0x0000000087600000)
 Metaspace       used 34081K, capacity 35478K, committed 35496K, reserved 1079296K
  class space    used 4492K, capacity 4779K, committed 4784K, reserved 1048576K
Event: 4.264 GC heap after
Heap after GC invocations=10 (full 2):
 PSYoungGen      total 327168K, used 0K [0x00000000d6980000, 0x00000000f0c80000, 0x0000000100000000)
  eden space 308224K, 0% used [0x00000000d6980000,0x00000000d6980000,0x00000000e9680000)
  from space 18944K, 0% used [0x00000000eaa00000,0x00000000eaa00000,0x00000000ebc80000)
  to   space 19968K, 0% used [0x00000000e9680000,0x00000000e9680000,0x00000000eaa00000)
 ParOldGen       total 77824K, used 20513K [0x0000000083c00000, 0x0000000088800000, 0x00000000d6980000)
  object space 77824K, 26% used [0x0000000083c00000,0x0000000085008598,0x0000000088800000)
 Metaspace       used 34081K, capacity 35478K, committed 35496K, reserved 1079296K
  class space    used 4492K, capacity 4779K, committed 4784K, reserved 1048576K
}
Event: 5.558 GC heap before
{Heap before GC invocations=11 (full 2):
 PSYoungGen      total 327168K, used 308224K [0x00000000d6980000, 0x00000000f0c80000, 0x0000000100000000)
  eden space 308224K, 100% used [0x00000000d6980000,0x00000000e9680000,0x00000000e9680000)
  from space 18944K, 0% used [0x00000000eaa00000,0x00000000eaa00000,0x00000000ebc80000)
  to   space 19968K, 0% used [0x00000000e9680000,0x00000000e9680000,0x00000000eaa00000)
 ParOldGen       total 77824K, used 20513K [0x0000000083c00000, 0x0000000088800000, 0x00000000d6980000)
  object space 77824K, 26% used [0x0000000083c00000,0x0000000085008598,0x0000000088800000)
 Metaspace       used 37749K, capacity 39542K, committed 39720K, reserved 1083392K
  class space    used 5043K, capacity 5389K, committed 5424K, reserved 1048576K
Event: 5.570 GC heap after
Heap after GC invocations=11 (full 2):
 PSYoungGen      total 328192K, used 8941K [0x00000000d6980000, 0x00000000f5c00000, 0x0000000100000000)
  eden space 308224K, 0% used [0x00000000d6980000,0x00000000d6980000,0x00000000e9680000)
  from space 19968K, 44% used [0x00000000e9680000,0x00000000e9f3b400,0x00000000eaa00000)
  to   space 18944K, 0% used [0x00000000f4980000,0x00000000f4980000,0x00000000f5c00000)
 ParOldGen       total 77824K, used 20521K [0x0000000083c00000, 0x0000000088800000, 0x00000000d6980000)
  object space 77824K, 26% used [0x0000000083c00000,0x000000008500a598,0x0000000088800000)
 Metaspace       used 37749K, capacity 39542K, committed 39720K, reserved 1083392K
  class space    used 5043K, capacity 5389K, committed 5424K, reserved 1048576K
}
Event: 7.248 GC heap before
{Heap before GC invocations=12 (full 2):
 PSYoungGen      total 328192K, used 317165K [0x00000000d6980000, 0x00000000f5c00000, 0x0000000100000000)
  eden space 308224K, 100% used [0x00000000d6980000,0x00000000e9680000,0x00000000e9680000)
  from space 19968K, 44% used [0x00000000e9680000,0x00000000e9f3b400,0x00000000eaa00000)
  to   space 18944K, 0% used [0x00000000f4980000,0x00000000f4980000,0x00000000f5c00000)
 ParOldGen       total 77824K, used 20521K [0x0000000083c00000, 0x0000000088800000, 0x00000000d6980000)
  object space 77824K, 26% used [0x0000000083c00000,0x000000008500a598,0x0000000088800000)
 Metaspace       used 48923K, capacity 51128K, committed 51240K, reserved 1093632K
  class space    used 6487K, capacity 6910K, committed 6960K, reserved 1048576K
Event: 7.277 GC heap after
Heap after GC invocations=12 (full 2):
 PSYoungGen      total 486400K, used 18917K [0x00000000d6980000, 0x00000000f5e00000, 0x0000000100000000)
  eden space 467456K, 0% used [0x00000000d6980000,0x00000000d6980000,0x00000000f3200000)
  from space 18944K, 99% used [0x00000000f4980000,0x00000000f5bf95f0,0x00000000f5c00000)
  to   space 22528K, 0% used [0x00000000f3200000,0x00000000f3200000,0x00000000f4800000)
 ParOldGen       total 77824K, used 23346K [0x0000000083c00000, 0x0000000088800000, 0x00000000d6980000)
  object space 77824K, 29% used [0x0000000083c00000,0x00000000852cc9a0,0x0000000088800000)
 Metaspace       used 48923K, capacity 51128K, committed 51240K, reserved 1093632K
  class space    used 6487K, capacity 6910K, committed 6960K, reserved 1048576K
}
Event: 9.232 GC heap before
{Heap before GC invocations=13 (full 2):
 PSYoungGen      total 486400K, used 422846K [0x00000000d6980000, 0x00000000f5e00000, 0x0000000100000000)
  eden space 467456K, 86% used [0x00000000d6980000,0x00000000ef3f6408,0x00000000f3200000)
  from space 18944K, 99% used [0x00000000f4980000,0x00000000f5bf95f0,0x00000000f5c00000)
  to   space 22528K, 0% used [0x00000000f3200000,0x00000000f3200000,0x00000000f4800000)
 ParOldGen       total 77824K, used 23346K [0x0000000083c00000, 0x0000000088800000, 0x00000000d6980000)
  object space 77824K, 29% used [0x0000000083c00000,0x00000000852cc9a0,0x0000000088800000)
 Metaspace       used 56262K, capacity 59062K, committed 59160K, reserved 1099776K
  class space    used 7490K, capacity 8022K, committed 8112K, reserved 1048576K

